<?xml version="1.0" encoding="utf-8"?><testsuites name="pytest tests"><testsuite name="pytest" errors="0" failures="0" skipped="0" tests="3" time="28.787" timestamp="2026-06-10T14:17:24.266709+05:30" hostname="LAPTOP-4AAG13DH"><testcase classname="tests.test_login.TestLogin" name="test_login_with_valid_credentials" time="16.218" /><testcase classname="tests.test_search.TestSearch" name="test_search_valid_product" time="5.516" /><testcase classname="tests.test_addtocart.TestAddToCart" name="test_add_product_to_cart" time="6.885" /></testsuite></testsuites>